<?xml version="1.0" encoding="UTF-8"?>
<testsuite name="ohtuesimerkki.StatisticsTest" tests="4" skipped="0" failures="0" errors="0" timestamp="2017-03-26T18:45:18" hostname="Gregor" time="0.013">
  <properties/>
  <testcase name="searchFindsPlayer" classname="ohtuesimerkki.StatisticsTest" time="0.005"/>
  <testcase name="teamFindsPlayers" classname="ohtuesimerkki.StatisticsTest" time="0.001"/>
  <testcase name="topScorersFindsPlayer" classname="ohtuesimerkki.StatisticsTest" time="0.001"/>
  <testcase name="searchReturnsNullIfPlayerNotInList" classname="ohtuesimerkki.StatisticsTest" time="0.0"/>
  <system-out><![CDATA[]]></system-out>
  <system-err><![CDATA[]]></system-err>
</testsuite>
